Using pre-set license
Built from '2020.2/release' branch; Version is '2020.2.1f1 (270dd8c3da1c) revision 2559448'; Using compiler version '192528614'; Build Type 'Release'
OS: 'Windows 10  (10.0.0) 64bit' Language: 'en' Physical Memory: 16296 MB
BatchMode: 1, IsHumanControllingUs: 0, StartBugReporterOnCrash: 0, Is64bit: 1, IsPro: 0

 COMMAND LINE ARGUMENTS:
C:\Program Files\Unity\Hub\Editor\2020.2.1f1\Editor\Unity.exe
-adb2
-batchMode
-noUpm
-name
AssetImportWorker0
-projectPath
C:/Users/quinn/Documents/Harding/2021 Spring/Capstone/Node/Node Game 2D
-logFile
Logs/AssetImportWorker0.log
-srvPort
52651
Successfully changed project path to: C:/Users/quinn/Documents/Harding/2021 Spring/Capstone/Node/Node Game 2D
C:/Users/quinn/Documents/Harding/2021 Spring/Capstone/Node/Node Game 2D
Using Asset Import Pipeline V2.
Refreshing native plugins compatible for Editor in 43.07 ms, found 1 plugins.
Preloading 0 native plugins for Editor in 0.00 ms.
Initialize engine version: 2020.2.1f1 (270dd8c3da1c)
[Subsystems] Discovering subsystems at path C:/Program Files/Unity/Hub/Editor/2020.2.1f1/Editor/Data/Resources/UnitySubsystems
[Subsystems] Discovering subsystems at path C:/Users/quinn/Documents/Harding/2021 Spring/Capstone/Node/Node Game 2D/Assets
GfxDevice: creating device client; threaded=0
Direct3D:
    Version:  Direct3D 11.0 [level 11.0]
    Renderer: NVIDIA GeForce GTX 860M (ID=0x1392)
    Vendor:   
    VRAM:     2010 MB
    Driver:   27.21.14.5655
Initialize mono
Mono path[0] = 'C:/Program Files/Unity/Hub/Editor/2020.2.1f1/Editor/Data/Managed'
Mono path[1] = 'C:/Program Files/Unity/Hub/Editor/2020.2.1f1/Editor/Data/MonoBleedingEdge/lib/mono/unityjit'
Mono config path = 'C:/Program Files/Unity/Hub/Editor/2020.2.1f1/Editor/Data/MonoBleedingEdge/etc'
Using monoOptions --debugger-agent=transport=dt_socket,embedding=1,server=y,suspend=n,address=127.0.0.1:56200
Begin MonoManager ReloadAssembly
Registering precompiled unity dll's ...
Register platform support module: C:/Program Files/Unity/Hub/Editor/2020.2.1f1/Editor/Data/PlaybackEngines/WebGLSupport/UnityEditor.WebGL.Extensions.dll
Register platform support module: C:/Program Files/Unity/Hub/Editor/2020.2.1f1/Editor/Data/PlaybackEngines/WindowsStandaloneSupport/UnityEditor.WindowsStandalone.Extensions.dll
Registered in 0.003130 seconds.
Native extension for WindowsStandalone target not found
Native extension for WebGL target not found
Refreshing native plugins compatible for Editor in 40.74 ms, found 1 plugins.
Preloading 0 native plugins for Editor in 0.00 ms.
Invoked RoslynAnalysisRunner static constructor.
RoslynAnalysisRunner will not be running.
RoslynAnalysisRunner has terminated.
Mono: successfully reloaded assembly
- Completed reload, in  1.432 seconds
Platform modules already initialized, skipping
Registering precompiled user dll's ...
Registered in 0.001258 seconds.
Begin MonoManager ReloadAssembly
Native extension for WindowsStandalone target not found
Native extension for WebGL target not found
Refreshing native plugins compatible for Editor in 42.98 ms, found 1 plugins.
Preloading 0 native plugins for Editor in 0.00 ms.
Invoked RoslynAnalysisRunner static constructor.
RoslynAnalysisRunner will not be running.
RoslynAnalysisRunner has terminated.
Mono: successfully reloaded assembly
- Completed reload, in  1.139 seconds
Platform modules already initialized, skipping
========================================================================
Worker process is ready to serve import requests
Launched and connected shader compiler UnityShaderCompiler.exe after 0.08 seconds
Refreshing native plugins compatible for Editor in 0.46 ms, found 1 plugins.
Preloading 0 native plugins for Editor in 0.00 ms.
Unloading 1787 Unused Serialized files (Serialized files now loaded: 0)
System memory in use before: 83.6 MB.
System memory in use after: 83.5 MB.

Unloading 24 unused Assets to reduce memory usage. Loaded Objects now: 2226.
Total: 2.630900 ms (FindLiveObjects: 0.467200 ms CreateObjectMapping: 0.187800 ms MarkObjects: 1.850800 ms  DeleteObjects: 0.123700 ms)

========================================================================
Received Import Request.
  path: Assets
  artifactKey: Guid(00000000000000001000000000000000) Importer(815301076,1909f56bfc062723c751e8b465ee728b)
Start importing Assets using Guid(00000000000000001000000000000000) Importer(815301076,1909f56bfc062723c751e8b465ee728b)  -> (artifact id: 'e1a2c4dac9df7c17871e19a3b74f0e9f') in 0.012464 seconds
  Import took 0.016425 seconds .

========================================================================
Received Import Request.
  Time since last request: 2.750150 seconds.
  path: Assets/Scripts
  artifactKey: Guid(feaa17c55b222c54bb7502f36d1c91c9) Importer(815301076,1909f56bfc062723c751e8b465ee728b)
Start importing Assets/Scripts using Guid(feaa17c55b222c54bb7502f36d1c91c9) Importer(815301076,1909f56bfc062723c751e8b465ee728b)  -> (artifact id: 'ccc2615d278ee3f7953dc4ee83102c03') in 0.010185 seconds
  Import took 0.013873 seconds .

========================================================================
Received Import Request.
  Time since last request: 0.000739 seconds.
  path: Assets/Scripts
  artifactKey: Guid(feaa17c55b222c54bb7502f36d1c91c9) Importer(815301076,1909f56bfc062723c751e8b465ee728b)
Start importing Assets/Scripts using Guid(feaa17c55b222c54bb7502f36d1c91c9) Importer(815301076,1909f56bfc062723c751e8b465ee728b)  -> (artifact id: 'ccc2615d278ee3f7953dc4ee83102c03') in 0.003601 seconds
  Import took 0.007145 seconds .

========================================================================
Received Import Request.
  Time since last request: 8.441706 seconds.
  path: Assets/Scripts/Core
  artifactKey: Guid(44c2eb77a30af8c4db3635fb8ba580f2) Importer(815301076,1909f56bfc062723c751e8b465ee728b)
Start importing Assets/Scripts/Core using Guid(44c2eb77a30af8c4db3635fb8ba580f2) Importer(815301076,1909f56bfc062723c751e8b465ee728b)  -> (artifact id: '94e2b606529a749c78e7b48e34211a85') in 0.011372 seconds
  Import took 0.014907 seconds .

========================================================================
Received Import Request.
  Time since last request: 13.117793 seconds.
  path: Assets/Scripts/Controllers
  artifactKey: Guid(5c3da4b53c6d80f4bac0f4ac491522cc) Importer(815301076,1909f56bfc062723c751e8b465ee728b)
Start importing Assets/Scripts/Controllers using Guid(5c3da4b53c6d80f4bac0f4ac491522cc) Importer(815301076,1909f56bfc062723c751e8b465ee728b)  -> (artifact id: 'ee3908ac66d9880aa3349ad4ae92c004') in 0.009958 seconds
  Import took 0.014468 seconds .

========================================================================
Received Import Request.
  Time since last request: 9.719465 seconds.
  path: Assets/Scripts/Networking
  artifactKey: Guid(c568b3eebaae3904a9b2fd6e4b835247) Importer(815301076,1909f56bfc062723c751e8b465ee728b)
Start importing Assets/Scripts/Networking using Guid(c568b3eebaae3904a9b2fd6e4b835247) Importer(815301076,1909f56bfc062723c751e8b465ee728b)  -> (artifact id: 'f6165c4c76725beedd0b34b1f8e297a2') in 0.009854 seconds
  Import took 0.013850 seconds .

========================================================================
Received Import Request.
  Time since last request: 12.993591 seconds.
  path: Assets/Scripts/AI
  artifactKey: Guid(a851bb10492ca5748b8d1ce931aa8d81) Importer(815301076,1909f56bfc062723c751e8b465ee728b)
Start importing Assets/Scripts/AI using Guid(a851bb10492ca5748b8d1ce931aa8d81) Importer(815301076,1909f56bfc062723c751e8b465ee728b)  -> (artifact id: 'a8aaf615a239f91f37f1753d213bc1b9') in 0.011457 seconds
  Import took 0.017024 seconds .

AssetImportWorkerClient::OnTransportError - code=2 error=End of file
